[INFO] Scanning for projects...
[INFO] 
[INFO] -----------------------< com.banco.digital:api >------------------------
[INFO] Building banco_digital_api 0.0.1-SNAPSHOT
[INFO]   from pom.xml
[INFO] --------------------------------[ jar ]---------------------------------
[INFO] 
[INFO] >>> spring-boot:4.0.5:run (default-cli) > test-compile @ api >>>
[INFO] 
[INFO] --- resources:3.3.1:resources (default-resources) @ api ---
[INFO] Copying 1 resource from src/main/resources to target/classes
[INFO] Copying 0 resource from src/main/resources to target/classes
[INFO] 
[INFO] --- compiler:3.14.1:compile (default-compile) @ api ---
[INFO] Nothing to compile - all classes are up to date.
[INFO] 
[INFO] --- resources:3.3.1:testResources (default-testResources) @ api ---
[INFO] skip non existing resourceDirectory /home/goonzza/Escritorio/Fabrica de escuela (Copiar)/banco_digital_api/src/test/resources
[INFO] 
[INFO] --- compiler:3.14.1:testCompile (default-testCompile) @ api ---
[INFO] Nothing to compile - all classes are up to date.
[INFO] 
[INFO] <<< spring-boot:4.0.5:run (default-cli) < test-compile @ api <<<
[INFO] 
[INFO] 
[INFO] --- spring-boot:4.0.5:run (default-cli) @ api ---
[INFO] Attaching agents: []

  .   ____          _            __ _ _
 /\\ / ___'_ __ _ _(_)_ __  __ _ \ \ \ \
( ( )\___ | '_ | '_| | '_ \/ _` | \ \ \ \
 \\/  ___)| |_)| | | | | || (_| |  ) ) ) )
  '  |____| .__|_| |_|_| |_\__, | / / / /
 =========|_|==============|___/=/_/_/_/

 :: Spring Boot ::                (v4.0.5)

2026-04-07T12:12:13.891-05:00  INFO 75781 --- [banco_digital_api] [  restartedMain] c.b.digital.BancoDigitalApiApplication   : Starting BancoDigitalApiApplication using Java 17.0.18 with PID 75781 (/home/goonzza/Escritorio/Fabrica de escuela (Copiar)/banco_digital_api/target/classes started by goonzza in /home/goonzza/Escritorio/Fabrica de escuela (Copiar)/banco_digital_api)
2026-04-07T12:12:13.897-05:00  INFO 75781 --- [banco_digital_api] [  restartedMain] c.b.digital.BancoDigitalApiApplication   : No active profile set, falling back to 1 default profile: "default"
2026-04-07T12:12:13.980-05:00  INFO 75781 --- [banco_digital_api] [  restartedMain] .e.DevToolsPropertyDefaultsPostProcessor : Devtools property defaults active! Set 'spring.devtools.add-properties' to 'false' to disable
2026-04-07T12:12:13.981-05:00  INFO 75781 --- [banco_digital_api] [  restartedMain] .e.DevToolsPropertyDefaultsPostProcessor : For additional web related logging consider setting the 'logging.level.web' property to 'DEBUG'
2026-04-07T12:12:15.107-05:00  INFO 75781 --- [banco_digital_api] [  restartedMain] .s.d.r.c.RepositoryConfigurationDelegate : Bootstrapping Spring Data JPA repositories in DEFAULT mode.
2026-04-07T12:12:15.210-05:00  INFO 75781 --- [banco_digital_api] [  restartedMain] .s.d.r.c.RepositoryConfigurationDelegate : Finished Spring Data repository scanning in 78 ms. Found 4 JPA repository interfaces.
2026-04-07T12:12:16.084-05:00  INFO 75781 --- [banco_digital_api] [  restartedMain] o.s.boot.tomcat.TomcatWebServer          : Tomcat initialized with port 8081 (http)
2026-04-07T12:12:16.106-05:00  INFO 75781 --- [banco_digital_api] [  restartedMain] o.apache.catalina.core.StandardService   : Starting service [Tomcat]
2026-04-07T12:12:16.107-05:00  INFO 75781 --- [banco_digital_api] [  restartedMain] o.apache.catalina.core.StandardEngine    : Starting Servlet engine: [Apache Tomcat/11.0.20]
2026-04-07T12:12:16.164-05:00  INFO 75781 --- [banco_digital_api] [  restartedMain] b.w.c.s.WebApplicationContextInitializer : Root WebApplicationContext: initialization completed in 2181 ms
2026-04-07T12:12:16.342-05:00  INFO 75781 --- [banco_digital_api] [  restartedMain] org.hibernate.orm.jpa                    : HHH008540: Processing PersistenceUnitInfo [name: default]
2026-04-07T12:12:16.411-05:00  INFO 75781 --- [banco_digital_api] [  restartedMain] org.hibernate.orm.core                   : HHH000001: Hibernate ORM core version 7.2.7.Final
2026-04-07T12:12:17.147-05:00  INFO 75781 --- [banco_digital_api] [  restartedMain] o.s.o.j.p.SpringPersistenceUnitInfo      : No LoadTimeWeaver setup: ignoring JPA class transformer
2026-04-07T12:12:17.212-05:00  INFO 75781 --- [banco_digital_api] [  restartedMain] com.zaxxer.hikari.HikariDataSource       : HikariPool-1 - Starting...
2026-04-07T12:12:17.560-05:00  INFO 75781 --- [banco_digital_api] [  restartedMain] com.zaxxer.hikari.pool.HikariPool        : HikariPool-1 - Added connection conn0: url=jdbc:h2:file:./data/banco_digital_db user=SA
2026-04-07T12:12:17.563-05:00  INFO 75781 --- [banco_digital_api] [  restartedMain] com.zaxxer.hikari.HikariDataSource       : HikariPool-1 - Start completed.
2026-04-07T12:12:17.594-05:00  WARN 75781 --- [banco_digital_api] [  restartedMain] org.hibernate.orm.deprecation            : HHH90000025: H2Dialect does not need to be specified explicitly using 'hibernate.dialect' (remove the property setting and it will be selected by default)
2026-04-07T12:12:17.631-05:00  INFO 75781 --- [banco_digital_api] [  restartedMain] org.hibernate.orm.connections.pooling    : HHH10001005: Database info:
	Database JDBC URL [jdbc:h2:file:./data/banco_digital_db]
	Database driver: H2 JDBC Driver
	Database dialect: H2Dialect
	Database version: 2.4.240
	Default catalog/schema: BANCO_DIGITAL_DB/PUBLIC
	Autocommit mode: undefined/unknown
	Isolation level: READ_COMMITTED [default READ_COMMITTED]
	JDBC fetch size: 100
	Pool: DataSourceConnectionProvider
	Minimum pool size: undefined/unknown
	Maximum pool size: undefined/unknown
2026-04-07T12:12:19.102-05:00  INFO 75781 --- [banco_digital_api] [  restartedMain] org.hibernate.orm.core                   : HHH000489: No JTA platform available (set 'hibernate.transaction.jta.platform' to enable JTA platform integration)
2026-04-07T12:12:19.199-05:00  INFO 75781 --- [banco_digital_api] [  restartedMain] j.LocalContainerEntityManagerFactoryBean : Initialized JPA EntityManagerFactory for persistence unit 'default'
2026-04-07T12:12:19.292-05:00  INFO 75781 --- [banco_digital_api] [  restartedMain] o.s.d.j.r.query.QueryEnhancerFactories   : Hibernate is in classpath; If applicable, HQL parser will be used.
2026-04-07T12:12:20.467-05:00  WARN 75781 --- [banco_digital_api] [  restartedMain] JpaBaseConfiguration$JpaWebConfiguration : spring.jpa.open-in-view is enabled by default. Therefore, database queries may be performed during view rendering. Explicitly configure spring.jpa.open-in-view to disable this warning
2026-04-07T12:12:20.587-05:00  INFO 75781 --- [banco_digital_api] [  restartedMain] r$InitializeUserDetailsManagerConfigurer : Global AuthenticationManager configured with UserDetailsService bean with name customUserDetailsService
2026-04-07T12:12:21.220-05:00  INFO 75781 --- [banco_digital_api] [  restartedMain] o.s.b.h.a.H2ConsoleAutoConfiguration     : H2 console available at '/h2-console'. Database available at 'jdbc:h2:file:./data/banco_digital_db'
2026-04-07T12:12:21.297-05:00  INFO 75781 --- [banco_digital_api] [  restartedMain] o.s.boot.tomcat.TomcatWebServer          : Tomcat started on port 8081 (http) with context path '/'
2026-04-07T12:12:21.307-05:00  INFO 75781 --- [banco_digital_api] [  restartedMain] c.b.digital.BancoDigitalApiApplication   : Started BancoDigitalApiApplication in 8.032 seconds (process running for 8.708)
2026-04-07T12:14:55.034-05:00  INFO 75781 --- [banco_digital_api] [nio-8081-exec-1] o.a.c.c.C.[Tomcat].[localhost].[/]       : Initializing Spring DispatcherServlet 'dispatcherServlet'
2026-04-07T12:14:55.035-05:00  INFO 75781 --- [banco_digital_api] [nio-8081-exec-1] o.s.web.servlet.DispatcherServlet        : Initializing Servlet 'dispatcherServlet'
2026-04-07T12:14:55.039-05:00  INFO 75781 --- [banco_digital_api] [nio-8081-exec-1] o.s.web.servlet.DispatcherServlet        : Completed initialization in 4 ms
Hibernate: 
    select
        u1_0.id,
        u1_0.dni_back,
        u1_0.dni_front,
        u1_0.email,
        u1_0.is_verified,
        u1_0.name,
        u1_0.password,
        u1_0.reset_token,
        u1_0.reset_token_expiry,
        u1_0.selfie 
    from
        users u1_0 
    where
        u1_0.email=?
Hibernate: 
    select
        a1_0.user_id,
        a1_0.id,
        a1_0.account_number,
        a1_0.balance,
        a1_0.type 
    from
        accounts a1_0 
    where
        a1_0.user_id=?
Hibernate: 
    select
        u1_0.id,
        u1_0.dni_back,
        u1_0.dni_front,
        u1_0.email,
        u1_0.is_verified,
        u1_0.name,
        u1_0.password,
        u1_0.reset_token,
        u1_0.reset_token_expiry,
        u1_0.selfie 
    from
        users u1_0 
    where
        u1_0.email=?
Hibernate: 
    select
        u1_0.id,
        u1_0.dni_back,
        u1_0.dni_front,
        u1_0.email,
        u1_0.is_verified,
        u1_0.name,
        u1_0.password,
        u1_0.reset_token,
        u1_0.reset_token_expiry,
        u1_0.selfie 
    from
        users u1_0 
    where
        u1_0.email=?
Hibernate: 
    select
        u1_0.id,
        u1_0.dni_back,
        u1_0.dni_front,
        u1_0.email,
        u1_0.is_verified,
        u1_0.name,
        u1_0.password,
        u1_0.reset_token,
        u1_0.reset_token_expiry,
        u1_0.selfie 
    from
        users u1_0 
    where
        u1_0.email=?
Hibernate: 
    select
        u1_0.id,
        u1_0.dni_back,
        u1_0.dni_front,
        u1_0.email,
        u1_0.is_verified,
        u1_0.name,
        u1_0.password,
        u1_0.reset_token,
        u1_0.reset_token_expiry,
        u1_0.selfie 
    from
        users u1_0 
    where
        u1_0.email=?
Hibernate: 
    select
        a1_0.id,
        a1_0.account_number,
        a1_0.balance,
        a1_0.type,
        a1_0.user_id 
    from
        accounts a1_0 
    where
        a1_0.user_id=?
Hibernate: 
    select
        ea1_0.id,
        ea1_0.account_number,
        ea1_0.bank_name,
        ea1_0.holder_name,
        ea1_0.user_id 
    from
        external_accounts ea1_0 
    where
        ea1_0.user_id=?
Hibernate: 
    select
        u1_0.id,
        u1_0.dni_back,
        u1_0.dni_front,
        u1_0.email,
        u1_0.is_verified,
        u1_0.name,
        u1_0.password,
        u1_0.reset_token,
        u1_0.reset_token_expiry,
        u1_0.selfie 
    from
        users u1_0 
    where
        u1_0.email=?
Hibernate: 
    select
        u1_0.id,
        u1_0.dni_back,
        u1_0.dni_front,
        u1_0.email,
        u1_0.is_verified,
        u1_0.name,
        u1_0.password,
        u1_0.reset_token,
        u1_0.reset_token_expiry,
        u1_0.selfie 
    from
        users u1_0 
    where
        u1_0.email=?
Hibernate: 
    select
        u1_0.id,
        u1_0.dni_back,
        u1_0.dni_front,
        u1_0.email,
        u1_0.is_verified,
        u1_0.name,
        u1_0.password,
        u1_0.reset_token,
        u1_0.reset_token_expiry,
        u1_0.selfie 
    from
        users u1_0 
    where
        u1_0.email=?
Hibernate: 
    select
        u1_0.id,
        u1_0.dni_back,
        u1_0.dni_front,
        u1_0.email,
        u1_0.is_verified,
        u1_0.name,
        u1_0.password,
        u1_0.reset_token,
        u1_0.reset_token_expiry,
        u1_0.selfie 
    from
        users u1_0 
    where
        u1_0.email=?
Hibernate: 
    select
        a1_0.id,
        a1_0.account_number,
        a1_0.balance,
        a1_0.type,
        a1_0.user_id 
    from
        accounts a1_0 
    where
        a1_0.user_id=?
Hibernate: 
    select
        ea1_0.id,
        ea1_0.account_number,
        ea1_0.bank_name,
        ea1_0.holder_name,
        ea1_0.user_id 
    from
        external_accounts ea1_0 
    where
        ea1_0.user_id=?
Hibernate: 
    select
        u1_0.id,
        u1_0.dni_back,
        u1_0.dni_front,
        u1_0.email,
        u1_0.is_verified,
        u1_0.name,
        u1_0.password,
        u1_0.reset_token,
        u1_0.reset_token_expiry,
        u1_0.selfie 
    from
        users u1_0 
    where
        u1_0.email=?
Hibernate: 
    select
        u1_0.id,
        u1_0.dni_back,
        u1_0.dni_front,
        u1_0.email,
        u1_0.is_verified,
        u1_0.name,
        u1_0.password,
        u1_0.reset_token,
        u1_0.reset_token_expiry,
        u1_0.selfie 
    from
        users u1_0 
    where
        u1_0.email=?
Hibernate: 
    select
        u1_0.id,
        u1_0.dni_back,
        u1_0.dni_front,
        u1_0.email,
        u1_0.is_verified,
        u1_0.name,
        u1_0.password,
        u1_0.reset_token,
        u1_0.reset_token_expiry,
        u1_0.selfie 
    from
        users u1_0 
    where
        u1_0.email=?
Hibernate: 
    select
        a1_0.id,
        a1_0.account_number,
        a1_0.balance,
        a1_0.type,
        a1_0.user_id 
    from
        accounts a1_0 
    where
        a1_0.user_id=?
Hibernate: 
    select
        u1_0.id,
        u1_0.dni_back,
        u1_0.dni_front,
        u1_0.email,
        u1_0.is_verified,
        u1_0.name,
        u1_0.password,
        u1_0.reset_token,
        u1_0.reset_token_expiry,
        u1_0.selfie 
    from
        users u1_0 
    where
        u1_0.email=?
Hibernate: 
    select
        ea1_0.id,
        ea1_0.account_number,
        ea1_0.bank_name,
        ea1_0.holder_name,
        ea1_0.user_id 
    from
        external_accounts ea1_0 
    where
        ea1_0.user_id=?
Hibernate: 
    select
        u1_0.id 
    from
        users u1_0 
    where
        u1_0.email=? 
    fetch
        first ? rows only
Hibernate: 
    insert 
    into
        users
        (dni_back, dni_front, email, is_verified, name, password, reset_token, reset_token_expiry, selfie, id) 
    values
        (?, ?, ?, ?, ?, ?, ?, ?, ?, default)
Hibernate: 
    insert 
    into
        accounts
        (account_number, balance, type, user_id, id) 
    values
        (?, ?, ?, ?, default)
Hibernate: 
    insert 
    into
        accounts
        (account_number, balance, type, user_id, id) 
    values
        (?, ?, ?, ?, default)
